#
# A fatal error has been detected by the Java Runtime Environment:
#
#  EXCEPTION_ACCESS_VIOLATION (0xc0000005) at pc=0x00007ffd8be0c8e8, pid=2040, tid=3808
#
# JRE version: OpenJDK Runtime Environment Temurin-17.0.3+7 (17.0.3+7) (build 17.0.3+7)
# Java VM: OpenJDK 64-Bit Server VM Temurin-17.0.3+7 (17.0.3+7, mixed mode, tiered, compressed oops, compressed class ptrs, parallel gc, windows-amd64)
# Problematic frame:
# V  [jvm.dll+0xc8e8]
#
# No core dump will be written. Minidumps are not enabled by default on client versions of Windows
#
# If you would like to submit a bug report, please visit:
#   https://github.com/adoptium/adoptium-support/issues
#

---------------  S U M M A R Y ------------

Command Line: --add-modules=ALL-SYSTEM --add-opens=java.base/java.util=ALL-UNNAMED --add-opens=java.base/java.lang=ALL-UNNAMED --add-opens=java.base/sun.nio.fs=ALL-UNNAMED -Declipse.application=org.eclipse.jdt.ls.core.id1 -Dosgi.bundles.defaultStartLevel=4 -Declipse.product=org.eclipse.jdt.ls.core.product -Djava.import.generatesMetadataFilesAtProjectRoot=false -Dfile.encoding=utf8 -DwatchParentProcess=false -XX:+UseParallelGC -XX:GCTimeRatio=4 -XX:AdaptiveSizePolicyWeight=90 -Dsun.zip.disableMemoryMapping=true -Xmx1G -Xms100m -javaagent:c:\Users\alan.lopes\.vscode\extensions\redhat.java-1.9.0-win32-x64\lombok\lombok-1.18.24.jar -XX:+HeapDumpOnOutOfMemoryError -XX:HeapDumpPath=c:\Users\alan.lopes\AppData\Roaming\Code\User\workspaceStorage\a49775f5d73be21d807cb85d83a6a833\redhat.java c:\Users\alan.lopes\.vscode\extensions\redhat.java-1.9.0-win32-x64\server\plugins\org.eclipse.equinox.launcher_1.6.400.v20210924-0641.jar -configuration c:\Users\alan.lopes\AppData\Roaming\Code\User\globalStorage\redhat.java\1.9.0\config_win -data c:\Users\alan.lopes\AppData\Roaming\Code\User\workspaceStorage\a49775f5d73be21d807cb85d83a6a833\redhat.java\jdt_ws

Host: Intel(R) Core(TM) i3-2100 CPU @ 3.10GHz, 4 cores, 7G,  Windows 8.1 , 64 bit Build 9600 (6.3.9600.20389)
Time: Tue Aug 16 12:58:25 2022 Hora oficial do Brasil elapsed time: 18.293219 seconds (0d 0h 0m 18s)

---------------  T H R E A D  ---------------

Current thread (0x0000000c27c43380):  GCTaskThread "GC Thread#3" [stack: 0x0000000c286e0000,0x0000000c287e0000] [id=3808]

Stack: [0x0000000c286e0000,0x0000000c287e0000],  sp=0x0000000c287df968,  free space=1022k
Native frames: (J=compiled Java code, j=interpreted, Vv=VM code, C=native code)
V  [jvm.dll+0xc8e8]


siginfo: EXCEPTION_ACCESS_VIOLATION (0xc0000005), reading address 0x00000006242cb0a0


Register to memory mapping:

RIP=0x00007ffd8be0c8e8 jvm.dll
RAX=0x0000000000000001 is an unknown value
RBX=0x00000000eb2e7ab0 is an oop: com.google.gson.internal.LinkedTreeMap 
{0x00000000eb2e7ab0} - klass: 'com/google/gson/internal/LinkedTreeMap'
 - ---- fields (total size 6 words):
 - transient 'keySet' 'Ljava/util/Set;' @12  NULL (0)
 - transient 'values' 'Ljava/util/Collection;' @16  NULL (0)
 - 'size' 'I' @20  4
 - 'modCount' 'I' @24  4
 - 'comparator' 'Ljava/util/Comparator;' @28  a 'com/google/gson/internal/LinkedTreeMap$1'{0x00000000c0f407b0} (c0f407b0)
 - 'root' 'Lcom/google/gson/internal/LinkedTreeMap$Node;' @32  a 'com/google/gson/internal/LinkedTreeMap$Node'{0x00000000eb2e7ff8} (eb2e7ff8)
 - final 'header' 'Lcom/google/gson/internal/LinkedTreeMap$Node;' @36  a 'com/google/gson/internal/LinkedTreeMap$Node'{0x00000000eb2e7ae0} (eb2e7ae0)
 - private 'entrySet' 'Lcom/google/gson/internal/LinkedTreeMap$EntrySet;' @40  NULL (0)
 - private 'keySet' 'Lcom/google/gson/internal/LinkedTreeMap$KeySet;' @44  NULL (0)
RCX=0x0000000000000003 is an unknown value
RDX=0x00000000eb2e83c8 points into unknown readable memory: 0x00000000eb2e7ab0 | b0 7a 2e eb 00 00 00 00
RSP=0x0000000c287df968 points into unknown readable memory: 0x00007ffd8c4b29a6 | a6 29 4b 8c fd 7f 00 00
RBP=0x0000000c287df9e8 points into unknown readable memory: 0x000000000000000c | 0c 00 00 00 00 00 00 00
RSI=0x00000000c4859624 is pointing into object: java.lang.String 
{0x00000000c4859610} - klass: 'java/lang/String'

[error occurred during error reporting (printing register info), id 0xc0000005, EXCEPTION_ACCESS_VIOLATION (0xc0000005) at pc=0x00007ffd8c171e82]

Registers:
RAX=0x0000000000000001, RBX=0x00000000eb2e7ab0, RCX=0x0000000000000003, RDX=0x00000000eb2e83c8
RSP=0x0000000c287df968, RBP=0x0000000c287df9e8, RSI=0x00000000c4859624, RDI=0x0000000c252acf80
R8 =0x00000006242cb098, R9 =0x00007ffd8c914660, R10=0x0000000000000000, R11=0x0000000c252acf80
R12=0x0000000000000000, R13=0x0000000000000010, R14=0x00000000eb2e83c8, R15=0x0000000c252acf80
RIP=0x00007ffd8be0c8e8, EFLAGS=0x0000000000010202

Top of Stack: (sp=0x0000000c287df968)
0x0000000c287df968:   00007ffd8c4b29a6 0000000000000001
0x0000000c287df978:   00000000c4859610 0000000c287dfa38
0x0000000c287df988:   0000000300030003 00007ffd8c7af430
0x0000000c287df998:   0000000c251eaf20 0000000c252acf80
0x0000000c287df9a8:   0000000000000400 00000000ebdf0000
0x0000000c287df9b8:   00007ffd8c4b2eb0 0000000c29ab6130
0x0000000c287df9c8:   00007ffd8c5e0001 00000000c48593a0
0x0000000c287df9d8:   0000000000000400 0000000000000010
0x0000000c287df9e8:   000000000000000c 0000000000000000
0x0000000c287df9f8:   0000000000000000 00000000c4859624
0x0000000c287dfa08:   00000000eb2e7ab0 0000000000000000
0x0000000c287dfa18:   00007ffd8c4b38a0 0000000c252acf80
0x0000000c287dfa28:   0000000c2bc900f0 00000000eb2e7ab0
0x0000000c287dfa38:   0000000c26bdf198 000032160000362a
0x0000000c287dfa48:   0000000000000005 00000000c0000000
0x0000000c287dfa58:   0000000c26bdf198 0000000000000000 

Instructions: (pc=0x00007ffd8be0c8e8)
0x00007ffd8be0c7e8:   48 83 c4 20 5e c3 cc cc 48 8b 01 c3 cc cc cc cc
0x00007ffd8be0c7f8:   cc cc cc cc cc cc cc cc 4c 8b 01 4c 8b c9 48 8b
0x00007ffd8be0c808:   0d c3 e1 b4 00 ba 44 60 08 00 e9 59 f2 ff ff cc
0x00007ffd8be0c818:   cc cc cc cc cc cc cc cc 48 89 5c 24 08 57 48 83
0x00007ffd8be0c828:   ec 20 48 8b 39 48 8b d9 48 85 3d 61 bf b9 00 75
0x00007ffd8be0c838:   0e 48 8b c7 48 8b 5c 24 30 48 83 c4 20 5f c3 48
0x00007ffd8be0c848:   8b cf e8 f1 55 85 00 48 8b d0 48 85 c0 74 20 48
0x00007ffd8be0c858:   8b c7 f0 48 0f b1 13 74 16 48 85 05 30 bf b9 00
0x00007ffd8be0c868:   74 0d 48 8b c8 f0 48 0f b1 13 48 3b c1 75 ea 48
0x00007ffd8be0c878:   8b 5c 24 30 48 8b c2 48 83 c4 20 5f c3 cc cc cc
0x00007ffd8be0c888:   cc cc cc cc cc cc cc cc 4c 8b 01 4c 8b c9 48 8b
0x00007ffd8be0c898:   0d 33 e1 b4 00 ba 64 60 08 00 e9 c9 f1 ff ff cc
0x00007ffd8be0c8a8:   cc cc cc cc cc cc cc cc 8b 05 32 2a af 00 c3 cc
0x00007ffd8be0c8b8:   cc cc cc cc cc cc cc cc 0f b6 05 68 e9 b5 00 48
0x00007ffd8be0c8c8:   8b d1 84 c0 74 16 44 8b 41 08 8b 0d 10 2a af 00
0x00007ffd8be0c8d8:   49 d3 e0 4c 03 05 fe 29 af 00 eb 04 4c 8b 41 08
0x00007ffd8be0c8e8:   45 8b 50 08 45 85 d2 7e 0e 41 f6 c2 01 75 53 41
0x00007ffd8be0c8f8:   c1 fa 03 41 8b c2 c3 79 49 84 c0 b9 10 00 00 00
0x00007ffd8be0c908:   8b 05 16 39 af 00 41 b8 0c 00 00 00 41 0f 45 c8
0x00007ffd8be0c918:   ff c8 4c 63 c8 48 63 14 11 41 8b ca 83 e1 3f 48
0x00007ffd8be0c928:   d3 e2 41 8b ca 48 c1 f9 10 0f b6 c1 49 8d 0c 11
0x00007ffd8be0c938:   49 f7 d1 48 03 c1 49 c1 e9 03 48 c1 e8 03 41 23
0x00007ffd8be0c948:   c1 c3 49 8b 00 49 8b c8 48 ff a0 00 01 00 00 cc
0x00007ffd8be0c958:   cc cc cc cc cc cc cc cc 8b 44 24 30 45 03 c9 44
0x00007ffd8be0c968:   2b 4c 24 28 83 c0 0b 44 03 ca 45 03 c8 41 03 c1
0x00007ffd8be0c978:   c3 cc cc cc cc cc cc cc 4c 8b ca 48 8b d1 45 8b
0x00007ffd8be0c988:   41 08 45 85 c0 7e 0e 41 f6 c0 01 75 56 41 c1 f8
0x00007ffd8be0c998:   03 41 8b c0 c3 79 4c 80 3d 89 e8 b5 00 00 b8 0c
0x00007ffd8be0c9a8:   00 00 00 b9 10 00 00 00 0f 45 c8 8b 05 6b 38 af
0x00007ffd8be0c9b8:   00 ff c8 4c 63 c8 48 63 14 11 41 8b c8 83 e1 3f
0x00007ffd8be0c9c8:   48 d3 e2 41 8b c8 48 c1 f9 10 0f b6 c1 49 8d 0c
0x00007ffd8be0c9d8:   11 49 f7 d1 48 03 c1 49 c1 e9 03 48 c1 e8 03 41 


Stack slot to memory mapping:
stack at sp + 0 slots: 0x00007ffd8c4b29a6 jvm.dll
stack at sp + 1 slots: 0x0000000000000001 is an unknown value
stack at sp + 2 slots: 0x00000000c4859610 is an oop: java.lang.String 
{0x00000000c4859610} - klass: 'java/lang/String'

[error occurred during error reporting (inspecting top of stack), id 0xc0000005, EXCEPTION_ACCESS_VIOLATION (0xc0000005) at pc=0x00007ffd8c171e82]


---------------  P R O C E S S  ---------------

Threads class SMR info:
_java_thread_list=0x0000000c2cb6f160, length=32, elements={
0x0000000c112b4700, 0x0000000c252c77f0, 0x0000000c252cafc0, 0x0000000c252eff10,
0x0000000c252f09d0, 0x0000000c252f2140, 0x0000000c252f2cf0, 0x0000000c252f7660,
0x0000000c252fe950, 0x0000000c25301600, 0x0000000c2761a630, 0x0000000c278d4a30,
0x0000000c291442d0, 0x0000000c291ab540, 0x0000000c29133da0, 0x0000000c2911cb60,
0x0000000c29203ed0, 0x0000000c29356d80, 0x0000000c29ab9af0, 0x0000000c29ab6fa0,
0x0000000c29ab7470, 0x0000000c29ab9150, 0x0000000c29ab7940, 0x0000000c29ab6ad0,
0x0000000c29ab8c80, 0x0000000c29ab87b0, 0x0000000c29ab9620, 0x0000000c29ab6130,
0x0000000c2cc4e7d0, 0x0000000c2cc4d490, 0x0000000c2cc4fb10, 0x0000000c2ba78330
}

Java Threads: ( => current thread )
  0x0000000c112b4700 JavaThread "main" [_thread_blocked, id=2668, stack(0x0000000c0f1e0000,0x0000000c0f2e0000)]
  0x0000000c252c77f0 JavaThread "Reference Handler" daemon [_thread_blocked, id=5232, stack(0x0000000c26be0000,0x0000000c26ce0000)]
  0x0000000c252cafc0 JavaThread "Finalizer" daemon [_thread_blocked, id=6716, stack(0x0000000c26ce0000,0x0000000c26de0000)]
  0x0000000c252eff10 JavaThread "Signal Dispatcher" daemon [_thread_blocked, id=2528, stack(0x0000000c26de0000,0x0000000c26ee0000)]
  0x0000000c252f09d0 JavaThread "Attach Listener" daemon [_thread_blocked, id=6872, stack(0x0000000c26ee0000,0x0000000c26fe0000)]
  0x0000000c252f2140 JavaThread "Service Thread" daemon [_thread_blocked, id=1608, stack(0x0000000c26fe0000,0x0000000c270e0000)]
  0x0000000c252f2cf0 JavaThread "Monitor Deflation Thread" daemon [_thread_blocked, id=5984, stack(0x0000000c270e0000,0x0000000c271e0000)]
  0x0000000c252f7660 JavaThread "C2 CompilerThread0" daemon [_thread_blocked, id=2028, stack(0x0000000c271e0000,0x0000000c272e0000)]
  0x0000000c252fe950 JavaThread "C1 CompilerThread0" daemon [_thread_blocked, id=6768, stack(0x0000000c272e0000,0x0000000c273e0000)]
  0x0000000c25301600 JavaThread "Sweeper thread" daemon [_thread_blocked, id=4072, stack(0x0000000c273e0000,0x0000000c274e0000)]
  0x0000000c2761a630 JavaThread "Common-Cleaner" daemon [_thread_blocked, id=3132, stack(0x0000000c278e0000,0x0000000c279e0000)]
  0x0000000c278d4a30 JavaThread "Notification Thread" daemon [_thread_blocked, id=7532, stack(0x0000000c281e0000,0x0000000c282e0000)]
  0x0000000c291442d0 JavaThread "Active Thread: Equinox Container: 40c2eb35-5f81-4a71-976d-0195c9871747" [_thread_blocked, id=2012, stack(0x0000000c2a3c0000,0x0000000c2a4c0000)]
  0x0000000c291ab540 JavaThread "Framework Event Dispatcher: Equinox Container: 40c2eb35-5f81-4a71-976d-0195c9871747" daemon [_thread_blocked, id=6468, stack(0x0000000c2a4c0000,0x0000000c2a5c0000)]
  0x0000000c29133da0 JavaThread "Start Level: Equinox Container: 40c2eb35-5f81-4a71-976d-0195c9871747" daemon [_thread_blocked, id=4732, stack(0x0000000c2a5c0000,0x0000000c2a6c0000)]
  0x0000000c2911cb60 JavaThread "SCR Component Actor" daemon [_thread_blocked, id=1784, stack(0x0000000c2a6c0000,0x0000000c2a7c0000)]
  0x0000000c29203ed0 JavaThread "Bundle File Closer" daemon [_thread_blocked, id=1904, stack(0x0000000c2a7c0000,0x0000000c2a8c0000)]
  0x0000000c29356d80 JavaThread "Worker-JM" [_thread_blocked, id=2872, stack(0x0000000c2a8c0000,0x0000000c2a9c0000)]
  0x0000000c29ab9af0 JavaThread "Worker-0" [_thread_blocked, id=2088, stack(0x0000000c2a9c0000,0x0000000c2aac0000)]
  0x0000000c29ab6fa0 JavaThread "Worker-1" [_thread_blocked, id=2132, stack(0x0000000c2aac0000,0x0000000c2abc0000)]
  0x0000000c29ab7470 JavaThread "Worker-2" [_thread_blocked, id=6984, stack(0x0000000c2b500000,0x0000000c2b600000)]
  0x0000000c29ab9150 JavaThread "Java indexing" daemon [_thread_blocked, id=2696, stack(0x0000000c2c5d0000,0x0000000c2c6d0000)]
  0x0000000c29ab7940 JavaThread "pool-1-thread-1" [_thread_in_native, id=3724, stack(0x0000000c2c9b0000,0x0000000c2cab0000)]
  0x0000000c29ab6ad0 JavaThread "Worker-3" [_thread_blocked, id=3300, stack(0x0000000c2dbf0000,0x0000000c2dcf0000)]
  0x0000000c29ab8c80 JavaThread "ForkJoinPool.commonPool-worker-1" daemon [_thread_blocked, id=5908, stack(0x0000000c2daf0000,0x0000000c2dbf0000)]
  0x0000000c29ab87b0 JavaThread "Worker-4" [_thread_blocked, id=4796, stack(0x0000000c31000000,0x0000000c31100000)]
  0x0000000c29ab9620 JavaThread "ForkJoinPool.commonPool-worker-2" daemon [_thread_blocked, id=4520, stack(0x0000000c31100000,0x0000000c31200000)]
  0x0000000c29ab6130 JavaThread "ForkJoinPool.commonPool-worker-3" daemon [_thread_blocked, id=6412, stack(0x0000000c2dcf0000,0x0000000c2ddf0000)]
  0x0000000c2cc4e7d0 JavaThread "Worker-5" [_thread_blocked, id=6328, stack(0x0000000c2ddf0000,0x0000000c2def0000)]
  0x0000000c2cc4d490 JavaThread "Thread-2" daemon [_thread_blocked, id=7312, stack(0x0000000c283e0000,0x0000000c284e0000)]
  0x0000000c2cc4fb10 JavaThread "SCR Component Registry" daemon [_thread_blocked, id=4840, stack(0x0000000c3c800000,0x0000000c3c900000)]
  0x0000000c2ba78330 JavaThread "C2 CompilerThread1" daemon [_thread_blocked, id=3452, stack(0x0000000c3c900000,0x0000000c3ca00000)]

Other Threads:
  0x0000000c1135ecd0 VMThread "VM Thread" [stack: 0x0000000c26ae0000,0x0000000c26be0000] [id=7912]
  0x0000000c279f0060 WatcherThread [stack: 0x0000000c282e0000,0x0000000c283e0000] [id=884]
  0x0000000c112cd3b0 GCTaskThread "GC Thread#0" [stack: 0x0000000c10e50000,0x0000000c10f50000] [id=3092]
  0x0000000c27ffcf80 GCTaskThread "GC Thread#1" [stack: 0x0000000c284e0000,0x0000000c285e0000] [id=2148]
  0x0000000c27c430d0 GCTaskThread "GC Thread#2" [stack: 0x0000000c285e0000,0x0000000c286e0000] [id=1928]
=>0x0000000c27c43380 GCTaskThread "GC Thread#3" [stack: 0x0000000c286e0000,0x0000000c287e0000] [id=3808]

Threads with active compile tasks:

VM state: at safepoint (normal execution)

VM Mutex/Monitor currently owned by a thread:  ([mutex/lock_event])
[0x0000000c112b1640] Threads_lock - owner thread: 0x0000000c1135ecd0
[0x0000000c112b3fa0] Heap_lock - owner thread: 0x0000000c29ab6130

Heap address: 0x00000000c0000000, size: 1024 MB, Compressed Oops mode: 32-bit

CDS archive(s) not mapped
Compressed class space mapped at: 0x0000000100000000-0x0000000140000000, reserved size: 1073741824
Narrow klass base: 0x0000000000000000, Narrow klass shift: 3, Narrow klass range: 0x140000000

GC Precious Log:
 CPUs: 4 total, 4 available
 Memory: 7887M
 Large Page Support: Disabled
 NUMA Support: Disabled
 Compressed Oops: Enabled (32-bit)
 Alignments: Space 512K, Generation 512K, Heap 2M
 Heap Min Capacity: 100M
 Heap Initial Capacity: 100M
 Heap Max Capacity: 1G
 Pre-touch: Disabled
 Parallel Workers: 4

Heap:
 PSYoungGen      total 18432K, used 17920K [0x00000000eab00000, 0x00000000ebe00000, 0x0000000100000000)
  eden space 17920K, 100% used [0x00000000eab00000,0x00000000ebc80000,0x00000000ebc80000)
  from space 512K, 0% used [0x00000000ebd00000,0x00000000ebd00000,0x00000000ebd80000)
  to   space 512K, 100% used [0x00000000ebd80000,0x00000000ebe00000,0x00000000ebe00000)
 ParOldGen       total 122880K, used 78988K [0x00000000c0000000, 0x00000000c7800000, 0x00000000eab00000)
  object space 122880K, 64% used [0x00000000c0000000,0x00000000c4d233a0,0x00000000c7800000)
 Metaspace       used 61646K, committed 62784K, reserved 1105920K
  class space    used 6450K, committed 6976K, reserved 1048576K

Card table byte_map: [0x0000000c10c40000,0x0000000c10e50000] _byte_map_base: 0x0000000c10640000

Marking Bits: (ParMarkBitMap*) 0x00007ffd8c984b80
 Begin Bits: [0x0000000c22f10000, 0x0000000c23f10000)
 End Bits:   [0x0000000c23f10000, 0x0000000c24f10000)

Polling page: 0x0000000c0f050000

Metaspace:

Usage:
  Non-class:     53.90 MB used.
      Class:      6.30 MB used.
       Both:     60.20 MB used.

Virtual space:
  Non-class space:       56.00 MB reserved,      54.50 MB ( 97%) committed,  7 nodes.
      Class space:        1.00 GB reserved,       6.81 MB ( <1%) committed,  1 nodes.
             Both:        1.05 GB reserved,      61.31 MB (  6%) committed. 

Chunk freelists:
   Non-Class:  816.00 KB
       Class:  1.14 MB
        Both:  1.94 MB

MaxMetaspaceSize: unlimited
CompressedClassSpaceSize: 1.00 GB
Initial GC threshold: 21.00 MB
Current GC threshold: 102.13 MB
CDS: off
MetaspaceReclaimPolicy: balanced
 - commit_granule_bytes: 65536.
 - commit_granule_words: 8192.
 - virtual_space_node_default_size: 1048576.
 - enlarge_chunks_in_place: 1.
 - new_chunks_are_fully_committed: 0.
 - uncommit_free_chunks: 1.
 - use_allocation_guard: 0.
 - handle_deallocations: 1.


Internal statistics:

num_allocs_failed_limit: 9.
num_arena_births: 692.
num_arena_deaths: 14.
num_vsnodes_births: 8.
num_vsnodes_deaths: 0.
num_space_committed: 981.
num_space_uncommitted: 0.
num_chunks_returned_to_freelist: 23.
num_chunks_taken_from_freelist: 3149.
num_chunk_merges: 10.
num_chunk_splits: 1969.
num_chunks_enlarged: 1141.
num_purges: 2.
num_inconsistent_stats: 0.

CodeHeap 'non-profiled nmethods': size=120000Kb used=4477Kb max_used=4477Kb free=115522Kb
 bounds [0x0000000c1b9e0000, 0x0000000c1be40000, 0x0000000c22f10000]
CodeHeap 'profiled nmethods': size=120000Kb used=16320Kb max_used=16320Kb free=103679Kb
 bounds [0x0000000c144b0000, 0x0000000c154b0000, 0x0000000c1b9e0000]
CodeHeap 'non-nmethods': size=5760Kb used=1326Kb max_used=1381Kb free=4433Kb
 bounds [0x0000000c13f10000, 0x0000000c14180000, 0x0000000c144b0000]
 total_blobs=8427 nmethods=7764 adapters=577
 compilation: enabled
              stopped_count=0, restarted_count=0
 full_count=0

Compilation events (20 events):
Event: 18.067 Thread 0x0000000c2ba78330 nmethod 8706 0x0000000c1be36e90 code [0x0000000c1be37020, 0x0000000c1be37178]
Event: 18.067 Thread 0x0000000c2ba78330 8708       4       com.google.gson.internal.LinkedTreeMap$Node::<init> (42 bytes)
Event: 18.068 Thread 0x0000000c2ba78330 nmethod 8708 0x0000000c1be37310 code [0x0000000c1be37480, 0x0000000c1be37578]
Event: 18.068 Thread 0x0000000c2ba78330 8682       4       java.lang.Long::hashCode (8 bytes)
Event: 18.068 Thread 0x0000000c2ba78330 nmethod 8682 0x0000000c1be37690 code [0x0000000c1be37800, 0x0000000c1be37878]
Event: 18.083 Thread 0x0000000c2ba78330 8716       4       com.google.gson.internal.bind.MapTypeAdapterFactory$Adapter::read (224 bytes)
Event: 18.084 Thread 0x0000000c252fe950 8717   !   3       java.io.StringReader::read (105 bytes)
Event: 18.085 Thread 0x0000000c252fe950 nmethod 8717 0x0000000c1549d890 code [0x0000000c1549dac0, 0x0000000c1549e268]
Event: 18.098 Thread 0x0000000c252f7660 nmethod 8677 0x0000000c1be37990 code [0x0000000c1be37c20, 0x0000000c1be3a9f0]
Event: 18.108 Thread 0x0000000c252fe950 8718       3       org.apache.maven.artifact.ArtifactUtils::toSnapshotVersion (77 bytes)
Event: 18.110 Thread 0x0000000c252fe950 nmethod 8718 0x0000000c1549e690 code [0x0000000c1549e9a0, 0x0000000c1549f798]
Event: 18.113 Thread 0x0000000c252fe950 8719       3       org.eclipse.m2e.core.embedder.ArtifactKey::<init> (26 bytes)
Event: 18.114 Thread 0x0000000c252fe950 nmethod 8719 0x0000000c1549fc90 code [0x0000000c1549fe40, 0x0000000c154a0058]
Event: 18.128 Thread 0x0000000c2ba78330 nmethod 8716 0x0000000c1be3c110 code [0x0000000c1be3c460, 0x0000000c1be3d9d8]
Event: 18.138 Thread 0x0000000c252fe950 8720       1       org.eclipse.m2e.jdt.internal.ClasspathEntryDescriptor::getSourceAttachmentPath (5 bytes)
Event: 18.138 Thread 0x0000000c252fe950 nmethod 8720 0x0000000c1be3ec10 code [0x0000000c1be3eda0, 0x0000000c1be3ee78]
Event: 18.142 Thread 0x0000000c252fe950 8721       1       org.eclipse.m2e.jdt.internal.ClasspathEntryDescriptor::getArtifactKey (5 bytes)
Event: 18.142 Thread 0x0000000c252fe950 nmethod 8721 0x0000000c1be3ef10 code [0x0000000c1be3f0a0, 0x0000000c1be3f178]
Event: 18.142 Thread 0x0000000c252fe950 8722       1       org.eclipse.m2e.core.embedder.ArtifactKey::classifier (5 bytes)
Event: 18.142 Thread 0x0000000c252fe950 nmethod 8722 0x0000000c1be3f210 code [0x0000000c1be3f3a0, 0x0000000c1be3f478]

GC Heap History (20 events):
Event: 15.430 GC heap after
{Heap after GC invocations=39 (full 2):
 PSYoungGen      total 18944K, used 1280K [0x00000000eab00000, 0x00000000ebf00000, 0x0000000100000000)
  eden space 17408K, 0% used [0x00000000eab00000,0x00000000eab00000,0x00000000ebc00000)
  from space 1536K, 83% used [0x00000000ebc00000,0x00000000ebd40000,0x00000000ebd80000)
  to   space 1536K, 0% used [0x00000000ebd80000,0x00000000ebd80000,0x00000000ebf00000)
 ParOldGen       total 68608K, used 53047K [0x00000000c0000000, 0x00000000c4300000, 0x00000000eab00000)
  object space 68608K, 77% used [0x00000000c0000000,0x00000000c33cdd90,0x00000000c4300000)
 Metaspace       used 58822K, committed 59776K, reserved 1105920K
  class space    used 6182K, committed 6656K, reserved 1048576K
}
Event: 15.430 GC heap before
{Heap before GC invocations=40 (full 3):
 PSYoungGen      total 18944K, used 1280K [0x00000000eab00000, 0x00000000ebf00000, 0x0000000100000000)
  eden space 17408K, 0% used [0x00000000eab00000,0x00000000eab00000,0x00000000ebc00000)
  from space 1536K, 83% used [0x00000000ebc00000,0x00000000ebd40000,0x00000000ebd80000)
  to   space 1536K, 0% used [0x00000000ebd80000,0x00000000ebd80000,0x00000000ebf00000)
 ParOldGen       total 68608K, used 53047K [0x00000000c0000000, 0x00000000c4300000, 0x00000000eab00000)
  object space 68608K, 77% used [0x00000000c0000000,0x00000000c33cdd90,0x00000000c4300000)
 Metaspace       used 58822K, committed 59776K, reserved 1105920K
  class space    used 6182K, committed 6656K, reserved 1048576K
}
Event: 15.602 GC heap after
{Heap after GC invocations=40 (full 3):
 PSYoungGen      total 18944K, used 0K [0x00000000eab00000, 0x00000000ebf00000, 0x0000000100000000)
  eden space 17408K, 0% used [0x00000000eab00000,0x00000000eab00000,0x00000000ebc00000)
  from space 1536K, 0% used [0x00000000ebc00000,0x00000000ebc00000,0x00000000ebd80000)
  to   space 1536K, 0% used [0x00000000ebd80000,0x00000000ebd80000,0x00000000ebf00000)
 ParOldGen       total 68608K, used 49058K [0x00000000c0000000, 0x00000000c4300000, 0x00000000eab00000)
  object space 68608K, 71% used [0x00000000c0000000,0x00000000c2fe89a8,0x00000000c4300000)
 Metaspace       used 58822K, committed 59776K, reserved 1105920K
  class space    used 6182K, committed 6656K, reserved 1048576K
}
Event: 15.903 GC heap before
{Heap before GC invocations=41 (full 3):
 PSYoungGen      total 18944K, used 17408K [0x00000000eab00000, 0x00000000ebf00000, 0x0000000100000000)
  eden space 17408K, 100% used [0x00000000eab00000,0x00000000ebc00000,0x00000000ebc00000)
  from space 1536K, 0% used [0x00000000ebc00000,0x00000000ebc00000,0x00000000ebd80000)
  to   space 1536K, 0% used [0x00000000ebd80000,0x00000000ebd80000,0x00000000ebf00000)
 ParOldGen       total 68608K, used 49058K [0x00000000c0000000, 0x00000000c4300000, 0x00000000eab00000)
  object space 68608K, 71% used [0x00000000c0000000,0x00000000c2fe89a8,0x00000000c4300000)
 Metaspace       used 58957K, committed 59968K, reserved 1105920K
  class space    used 6185K, committed 6656K, reserved 1048576K
}
Event: 15.904 GC heap after
{Heap after GC invocations=41 (full 3):
 PSYoungGen      total 18944K, used 1344K [0x00000000eab00000, 0x00000000ebf00000, 0x0000000100000000)
  eden space 17408K, 0% used [0x00000000eab00000,0x00000000eab00000,0x00000000ebc00000)
  from space 1536K, 87% used [0x00000000ebd80000,0x00000000ebed0000,0x00000000ebf00000)
  to   space 1536K, 0% used [0x00000000ebc00000,0x00000000ebc00000,0x00000000ebd80000)
 ParOldGen       total 68608K, used 49066K [0x00000000c0000000, 0x00000000c4300000, 0x00000000eab00000)
  object space 68608K, 71% used [0x00000000c0000000,0x00000000c2fea9a8,0x00000000c4300000)
 Metaspace       used 58957K, committed 59968K, reserved 1105920K
  class space    used 6185K, committed 6656K, reserved 1048576K
}
Event: 16.218 GC heap before
{Heap before GC invocations=42 (full 3):
 PSYoungGen      total 18944K, used 18752K [0x00000000eab00000, 0x00000000ebf00000, 0x0000000100000000)
  eden space 17408K, 100% used [0x00000000eab00000,0x00000000ebc00000,0x00000000ebc00000)
  from space 1536K, 87% used [0x00000000ebd80000,0x00000000ebed0000,0x00000000ebf00000)
  to   space 1536K, 0% used [0x00000000ebc00000,0x00000000ebc00000,0x00000000ebd80000)
 ParOldGen       total 68608K, used 49066K [0x00000000c0000000, 0x00000000c4300000, 0x00000000eab00000)
  object space 68608K, 71% used [0x00000000c0000000,0x00000000c2fea9a8,0x00000000c4300000)
 Metaspace       used 59558K, committed 60608K, reserved 1105920K
  class space    used 6239K, committed 6720K, reserved 1048576K
}
Event: 16.221 GC heap after
{Heap after GC invocations=42 (full 3):
 PSYoungGen      total 18944K, used 960K [0x00000000eab00000, 0x00000000ebf00000, 0x0000000100000000)
  eden space 17408K, 0% used [0x00000000eab00000,0x00000000eab00000,0x00000000ebc00000)
  from space 1536K, 62% used [0x00000000ebc00000,0x00000000ebcf0020,0x00000000ebd80000)
  to   space 1536K, 0% used [0x00000000ebd80000,0x00000000ebd80000,0x00000000ebf00000)
 ParOldGen       total 68608K, used 50250K [0x00000000c0000000, 0x00000000c4300000, 0x00000000eab00000)
  object space 68608K, 73% used [0x00000000c0000000,0x00000000c31129b8,0x00000000c4300000)
 Metaspace       used 59558K, committed 60608K, reserved 1105920K
  class space    used 6239K, committed 6720K, reserved 1048576K
}
Event: 16.452 GC heap before
{Heap before GC invocations=43 (full 3):
 PSYoungGen      total 18944K, used 18368K [0x00000000eab00000, 0x00000000ebf00000, 0x0000000100000000)
  eden space 17408K, 100% used [0x00000000eab00000,0x00000000ebc00000,0x00000000ebc00000)
  from space 1536K, 62% used [0x00000000ebc00000,0x00000000ebcf0020,0x00000000ebd80000)
  to   space 1536K, 0% used [0x00000000ebd80000,0x00000000ebd80000,0x00000000ebf00000)
 ParOldGen       total 68608K, used 50250K [0x00000000c0000000, 0x00000000c4300000, 0x00000000eab00000)
  object space 68608K, 73% used [0x00000000c0000000,0x00000000c31129b8,0x00000000c4300000)
 Metaspace       used 59777K, committed 60864K, reserved 1105920K
  class space    used 6252K, committed 6784K, reserved 1048576K
}
Event: 16.454 GC heap after
{Heap after GC invocations=43 (full 3):
 PSYoungGen      total 18944K, used 1168K [0x00000000eab00000, 0x00000000ebf00000, 0x0000000100000000)
  eden space 17408K, 0% used [0x00000000eab00000,0x00000000eab00000,0x00000000ebc00000)
  from space 1536K, 76% used [0x00000000ebd80000,0x00000000ebea4010,0x00000000ebf00000)
  to   space 1536K, 0% used [0x00000000ebc00000,0x00000000ebc00000,0x00000000ebd80000)
 ParOldGen       total 68608K, used 51066K [0x00000000c0000000, 0x00000000c4300000, 0x00000000eab00000)
  object space 68608K, 74% used [0x00000000c0000000,0x00000000c31de9b8,0x00000000c4300000)
 Metaspace       used 59777K, committed 60864K, reserved 1105920K
  class space    used 6252K, committed 6784K, reserved 1048576K
}
Event: 16.698 GC heap before
{Heap before GC invocations=44 (full 3):
 PSYoungGen      total 18944K, used 14570K [0x00000000eab00000, 0x00000000ebf00000, 0x0000000100000000)
  eden space 17408K, 76% used [0x00000000eab00000,0x00000000eb816890,0x00000000ebc00000)
  from space 1536K, 76% used [0x00000000ebd80000,0x00000000ebea4010,0x00000000ebf00000)
  to   space 1536K, 0% used [0x00000000ebc00000,0x00000000ebc00000,0x00000000ebd80000)
 ParOldGen       total 68608K, used 51066K [0x00000000c0000000, 0x00000000c4300000, 0x00000000eab00000)
  object space 68608K, 74% used [0x00000000c0000000,0x00000000c31de9b8,0x00000000c4300000)
 Metaspace       used 60480K, committed 61568K, reserved 1105920K
  class space    used 6319K, committed 6848K, reserved 1048576K
}
Event: 16.701 GC heap after
{Heap after GC invocations=44 (full 3):
 PSYoungGen      total 18944K, used 1057K [0x00000000eab00000, 0x00000000ebf00000, 0x0000000100000000)
  eden space 17408K, 0% used [0x00000000eab00000,0x00000000eab00000,0x00000000ebc00000)
  from space 1536K, 68% used [0x00000000ebc00000,0x00000000ebd08778,0x00000000ebd80000)
  to   space 1536K, 0% used [0x00000000ebd80000,0x00000000ebd80000,0x00000000ebf00000)
 ParOldGen       total 68608K, used 52034K [0x00000000c0000000, 0x00000000c4300000, 0x00000000eab00000)
  object space 68608K, 75% used [0x00000000c0000000,0x00000000c32d09b8,0x00000000c4300000)
 Metaspace       used 60480K, committed 61568K, reserved 1105920K
  class space    used 6319K, committed 6848K, reserved 1048576K
}
Event: 17.191 GC heap before
{Heap before GC invocations=45 (full 3):
 PSYoungGen      total 18944K, used 18458K [0x00000000eab00000, 0x00000000ebf00000, 0x0000000100000000)
  eden space 17408K, 99% used [0x00000000eab00000,0x00000000ebbfe240,0x00000000ebc00000)
  from space 1536K, 68% used [0x00000000ebc00000,0x00000000ebd08778,0x00000000ebd80000)
  to   space 1536K, 0% used [0x00000000ebd80000,0x00000000ebd80000,0x00000000ebf00000)
 ParOldGen       total 80384K, used 75074K [0x00000000c0000000, 0x00000000c4e80000, 0x00000000eab00000)
  object space 80384K, 93% used [0x00000000c0000000,0x00000000c49509d8,0x00000000c4e80000)
 Metaspace       used 61566K, committed 62656K, reserved 1105920K
  class space    used 6441K, committed 6976K, reserved 1048576K
}
Event: 17.194 GC heap after
{Heap after GC invocations=45 (full 3):
 PSYoungGen      total 18432K, used 823K [0x00000000eab00000, 0x00000000ebe80000, 0x0000000100000000)
  eden space 17408K, 0% used [0x00000000eab00000,0x00000000eab00000,0x00000000ebc00000)
  from space 1024K, 80% used [0x00000000ebd80000,0x00000000ebe4de78,0x00000000ebe80000)
  to   space 1024K, 0% used [0x00000000ebc80000,0x00000000ebc80000,0x00000000ebd80000)
 ParOldGen       total 80384K, used 77320K [0x00000000c0000000, 0x00000000c4e80000, 0x00000000eab00000)
  object space 80384K, 96% used [0x00000000c0000000,0x00000000c4b822b8,0x00000000c4e80000)
 Metaspace       used 61566K, committed 62656K, reserved 1105920K
  class space    used 6441K, committed 6976K, reserved 1048576K
}
Event: 17.538 GC heap before
{Heap before GC invocations=46 (full 3):
 PSYoungGen      total 18432K, used 15476K [0x00000000eab00000, 0x00000000ebe80000, 0x0000000100000000)
  eden space 17408K, 84% used [0x00000000eab00000,0x00000000eb94f3a8,0x00000000ebc00000)
  from space 1024K, 80% used [0x00000000ebd80000,0x00000000ebe4de78,0x00000000ebe80000)
  to   space 1024K, 0% used [0x00000000ebc80000,0x00000000ebc80000,0x00000000ebd80000)
 ParOldGen       total 80384K, used 77320K [0x00000000c0000000, 0x00000000c4e80000, 0x00000000eab00000)
  object space 80384K, 96% used [0x00000000c0000000,0x00000000c4b822b8,0x00000000c4e80000)
 Metaspace       used 61622K, committed 62720K, reserved 1105920K
  class space    used 6449K, committed 6976K, reserved 1048576K
}
Event: 17.542 GC heap after
{Heap after GC invocations=46 (full 3):
 PSYoungGen      total 18432K, used 128K [0x00000000eab00000, 0x00000000ebe00000, 0x0000000100000000)
  eden space 17408K, 0% used [0x00000000eab00000,0x00000000eab00000,0x00000000ebc00000)
  from space 1024K, 12% used [0x00000000ebc80000,0x00000000ebca0000,0x00000000ebd80000)
  to   space 512K, 0% used [0x00000000ebd80000,0x00000000ebd80000,0x00000000ebe00000)
 ParOldGen       total 83968K, used 83095K [0x00000000c0000000, 0x00000000c5200000, 0x00000000eab00000)
  object space 83968K, 98% used [0x00000000c0000000,0x00000000c5125e80,0x00000000c5200000)
 Metaspace       used 61622K, committed 62720K, reserved 1105920K
  class space    used 6449K, committed 6976K, reserved 1048576K
}
Event: 17.542 GC heap before
{Heap before GC invocations=47 (full 4):
 PSYoungGen      total 18432K, used 128K [0x00000000eab00000, 0x00000000ebe00000, 0x0000000100000000)
  eden space 17408K, 0% used [0x00000000eab00000,0x00000000eab00000,0x00000000ebc00000)
  from space 1024K, 12% used [0x00000000ebc80000,0x00000000ebca0000,0x00000000ebd80000)
  to   space 512K, 0% used [0x00000000ebd80000,0x00000000ebd80000,0x00000000ebe00000)
 ParOldGen       total 83968K, used 83095K [0x00000000c0000000, 0x00000000c5200000, 0x00000000eab00000)
  object space 83968K, 98% used [0x00000000c0000000,0x00000000c5125e80,0x00000000c5200000)
 Metaspace       used 61622K, committed 62720K, reserved 1105920K
  class space    used 6449K, committed 6976K, reserved 1048576K
}
Event: 17.649 GC heap after
{Heap after GC invocations=47 (full 4):
 PSYoungGen      total 17920K, used 0K [0x00000000eab00000, 0x00000000ebe00000, 0x0000000100000000)
  eden space 17408K, 0% used [0x00000000eab00000,0x00000000eab00000,0x00000000ebc00000)
  from space 512K, 0% used [0x00000000ebd80000,0x00000000ebd80000,0x00000000ebe00000)
  to   space 512K, 0% used [0x00000000ebd00000,0x00000000ebd00000,0x00000000ebd80000)
 ParOldGen       total 88064K, used 56515K [0x00000000c0000000, 0x00000000c5600000, 0x00000000eab00000)
  object space 88064K, 64% used [0x00000000c0000000,0x00000000c3730c50,0x00000000c5600000)
 Metaspace       used 61622K, committed 62720K, reserved 1105920K
  class space    used 6449K, committed 6976K, reserved 1048576K
}
Event: 17.862 GC heap before
{Heap before GC invocations=48 (full 5):
 PSYoungGen      total 17920K, used 17408K [0x00000000eab00000, 0x00000000ebe00000, 0x0000000100000000)
  eden space 17408K, 100% used [0x00000000eab00000,0x00000000ebc00000,0x00000000ebc00000)
  from space 512K, 0% used [0x00000000ebd80000,0x00000000ebd80000,0x00000000ebe00000)
  to   space 512K, 0% used [0x00000000ebd00000,0x00000000ebd00000,0x00000000ebd80000)
 ParOldGen       total 99328K, used 93853K [0x00000000c0000000, 0x00000000c6100000, 0x00000000eab00000)
  object space 99328K, 94% used [0x00000000c0000000,0x00000000c5ba77a0,0x00000000c6100000)
 Metaspace       used 61642K, committed 62784K, reserved 1105920K
  class space    used 6450K, committed 6976K, reserved 1048576K
}
Event: 17.975 GC heap after
{Heap after GC invocations=48 (full 5):
 PSYoungGen      total 18432K, used 0K [0x00000000eab00000, 0x00000000ebe00000, 0x0000000100000000)
  eden space 17920K, 0% used [0x00000000eab00000,0x00000000eab00000,0x00000000ebc80000)
  from space 512K, 0% used [0x00000000ebd00000,0x00000000ebd00000,0x00000000ebd80000)
  to   space 512K, 0% used [0x00000000ebd80000,0x00000000ebd80000,0x00000000ebe00000)
 ParOldGen       total 122880K, used 67228K [0x00000000c0000000, 0x00000000c7800000, 0x00000000eab00000)
  object space 122880K, 54% used [0x00000000c0000000,0x00000000c41a73a0,0x00000000c7800000)
 Metaspace       used 61642K, committed 62784K, reserved 1105920K
  class space    used 6450K, committed 6976K, reserved 1048576K
}
Event: 18.164 GC heap before
{Heap before GC invocations=49 (full 5):
 PSYoungGen      total 18432K, used 17920K [0x00000000eab00000, 0x00000000ebe00000, 0x0000000100000000)
  eden space 17920K, 100% used [0x00000000eab00000,0x00000000ebc80000,0x00000000ebc80000)
  from space 512K, 0% used [0x00000000ebd00000,0x00000000ebd00000,0x00000000ebd80000)
  to   space 512K, 0% used [0x00000000ebd80000,0x00000000ebd80000,0x00000000ebe00000)
 ParOldGen       total 122880K, used 67228K [0x00000000c0000000, 0x00000000c7800000, 0x00000000eab00000)
  object space 122880K, 54% used [0x00000000c0000000,0x00000000c41a73a0,0x00000000c7800000)
 Metaspace       used 61646K, committed 62784K, reserved 1105920K
  class space    used 6450K, committed 6976K, reserved 1048576K
}

Deoptimization events (20 events):
Event: 17.368 Thread 0x0000000c2cc4d490 Uncommon trap: trap_request=0xffffffde fr.pc=0x0000000c1bc92e04 relative=0x0000000000001564
Event: 17.368 Thread 0x0000000c2cc4d490 Uncommon trap: reason=class_check action=maybe_recompile pc=0x0000000c1bc92e04 method=java.util.zip.InflaterInputStream.read([BII)I @ 100 c2
Event: 17.368 Thread 0x0000000c2cc4d490 DEOPT PACKING pc=0x0000000c1bc92e04 sp=0x0000000c284deed0
Event: 17.368 Thread 0x0000000c2cc4d490 DEOPT UNPACKING pc=0x0000000c13f620a3 sp=0x0000000c284def20 mode 2
Event: 17.368 Thread 0x0000000c2cc4d490 Uncommon trap: trap_request=0xffffffde fr.pc=0x0000000c1bc92e04 relative=0x0000000000001564
Event: 17.368 Thread 0x0000000c2cc4d490 Uncommon trap: reason=class_check action=maybe_recompile pc=0x0000000c1bc92e04 method=java.util.zip.InflaterInputStream.read([BII)I @ 100 c2
Event: 17.368 Thread 0x0000000c2cc4d490 DEOPT PACKING pc=0x0000000c1bc92e04 sp=0x0000000c284deed0
Event: 17.368 Thread 0x0000000c2cc4d490 DEOPT UNPACKING pc=0x0000000c13f620a3 sp=0x0000000c284def20 mode 2
Event: 17.408 Thread 0x0000000c29ab6130 Uncommon trap: trap_request=0xffffff45 fr.pc=0x0000000c1ba90c98 relative=0x0000000000000178
Event: 17.408 Thread 0x0000000c29ab6130 Uncommon trap: reason=unstable_if action=reinterpret pc=0x0000000c1ba90c98 method=java.util.zip.ZipFile$Source.isMetaName([BII)Z @ 57 c2
Event: 17.408 Thread 0x0000000c29ab6130 DEOPT PACKING pc=0x0000000c1ba90c98 sp=0x0000000c2dded740
Event: 17.408 Thread 0x0000000c29ab6130 DEOPT UNPACKING pc=0x0000000c13f620a3 sp=0x0000000c2dded6e8 mode 2
Event: 17.703 Thread 0x0000000c2cc4d490 Uncommon trap: trap_request=0xffffff45 fr.pc=0x0000000c1be2520c relative=0x000000000000016c
Event: 17.703 Thread 0x0000000c2cc4d490 Uncommon trap: reason=unstable_if action=reinterpret pc=0x0000000c1be2520c method=java.util.zip.GZIPInputStream.read([BII)I @ 25 c2
Event: 17.703 Thread 0x0000000c2cc4d490 DEOPT PACKING pc=0x0000000c1be2520c sp=0x0000000c284df050
Event: 17.703 Thread 0x0000000c2cc4d490 DEOPT UNPACKING pc=0x0000000c13f620a3 sp=0x0000000c284def98 mode 2
Event: 17.757 Thread 0x0000000c2cc4d490 Uncommon trap: trap_request=0xffffff45 fr.pc=0x0000000c1b9f7420 relative=0x0000000000000540
Event: 17.757 Thread 0x0000000c2cc4d490 Uncommon trap: reason=unstable_if action=reinterpret pc=0x0000000c1b9f7420 method=java.util.HashMap.removeNode(ILjava/lang/Object;Ljava/lang/Object;ZZ)Ljava/util/HashMap$Node; @ 71 c2
Event: 17.757 Thread 0x0000000c2cc4d490 DEOPT PACKING pc=0x0000000c1b9f7420 sp=0x0000000c284de4b0
Event: 17.757 Thread 0x0000000c2cc4d490 DEOPT UNPACKING pc=0x0000000c13f620a3 sp=0x0000000c284de430 mode 2

Classes unloaded (7 events):
Event: 4.305 Thread 0x0000000c1135ecd0 Unloading class 0x0000000100218800 'java/lang/invoke/LambdaForm$MH+0x0000000100218800'
Event: 4.305 Thread 0x0000000c1135ecd0 Unloading class 0x0000000100218400 'java/lang/invoke/LambdaForm$MH+0x0000000100218400'
Event: 4.305 Thread 0x0000000c1135ecd0 Unloading class 0x0000000100218000 'java/lang/invoke/LambdaForm$MH+0x0000000100218000'
Event: 4.305 Thread 0x0000000c1135ecd0 Unloading class 0x0000000100217800 'java/lang/invoke/LambdaForm$MH+0x0000000100217800'
Event: 4.305 Thread 0x0000000c1135ecd0 Unloading class 0x0000000100217400 'java/lang/invoke/LambdaForm$BMH+0x0000000100217400'
Event: 4.305 Thread 0x0000000c1135ecd0 Unloading class 0x0000000100217000 'java/lang/invoke/LambdaForm$DMH+0x0000000100217000'
Event: 4.305 Thread 0x0000000c1135ecd0 Unloading class 0x0000000100214400 'java/lang/invoke/LambdaForm$DMH+0x0000000100214400'

Classes redefined (0 events):
No events

Internal exceptions (20 events):
Event: 13.311 Thread 0x0000000c29ab8c80 Exception <a 'java/lang/NoSuchMethodError'{0x00000000eac860b8}: 'int java.lang.invoke.DirectMethodHandle$Holder.invokeStatic(java.lang.Object, java.lang.Object, java.lang.Object, int)'> (0x00000000eac860b8) 
thrown [e:\jenkins\tmp\workspace\build\src\src\hotspot\share\interpreter\linkResolver.cpp, line 766]
Event: 13.467 Thread 0x0000000c29ab8c80 Exception <a 'java/io/FileNotFoundException'{0x00000000eb34d000}> (0x00000000eb34d000) 
thrown [e:\jenkins\tmp\workspace\build\src\src\hotspot\share\prims\jni.cpp, line 516]
Event: 13.729 Thread 0x0000000c29ab8c80 Exception <a 'java/lang/NoSuchMethodError'{0x00000000eab8c9b0}: 'int java.lang.invoke.DirectMethodHandle$Holder.invokeStatic(java.lang.Object, int, java.lang.Object)'> (0x00000000eab8c9b0) 
thrown [e:\jenkins\tmp\workspace\build\src\src\hotspot\share\interpreter\linkResolver.cpp, line 766]
Event: 14.494 Thread 0x0000000c29ab87b0 Exception <a 'java/lang/NoSuchMethodError'{0x00000000eb02ebe0}: 'java.lang.Object java.lang.invoke.DirectMethodHandle$Holder.newInvokeSpecial(java.lang.Object, java.lang.Object, java.lang.Object, int)'> (0x00000000eb02ebe0) 
thrown [e:\jenkins\tmp\workspace\build\src\src\hotspot\share\interpreter\linkResolver.cpp, line 766]
Event: 14.495 Thread 0x0000000c29ab87b0 Exception <a 'java/lang/NoSuchMethodError'{0x00000000eb032ce8}: 'java.lang.Object java.lang.invoke.DirectMethodHandle$Holder.invokeSpecial(java.lang.Object, java.lang.Object, java.lang.Object, java.lang.Object, int)'> (0x00000000eb032ce8) 
thrown [e:\jenkins\tmp\workspace\build\src\src\hotspot\share\interpreter\linkResolver.cpp, line 766]
Event: 14.495 Thread 0x0000000c29ab87b0 Exception <a 'java/lang/NoSuchMethodError'{0x00000000eb036638}: 'java.lang.Object java.lang.invoke.Invokers$Holder.linkToTargetMethod(java.lang.Object, java.lang.Object, int, java.lang.Object)'> (0x00000000eb036638) 
thrown [e:\jenkins\tmp\workspace\build\src\src\hotspot\share\interpreter\linkResolver.cpp, line 766]
Event: 14.506 Thread 0x0000000c29ab87b0 Exception <a 'java/lang/NoSuchMethodError'{0x00000000eb07c140}: 'java.lang.Object java.lang.invoke.DirectMethodHandle$Holder.newInvokeSpecial(java.lang.Object, java.lang.Object, int, java.lang.Object, java.lang.Object)'> (0x00000000eb07c140) 
thrown [e:\jenkins\tmp\workspace\build\src\src\hotspot\share\interpreter\linkResolver.cpp, line 766]
Event: 14.507 Thread 0x0000000c29ab87b0 Exception <a 'java/lang/NoSuchMethodError'{0x00000000eb0805c0}: 'java.lang.Object java.lang.invoke.DirectMethodHandle$Holder.invokeSpecial(java.lang.Object, java.lang.Object, java.lang.Object, int, java.lang.Object, java.lang.Object)'> (0x00000000eb0805c0) 
thrown [e:\jenkins\tmp\workspace\build\src\src\hotspot\share\interpreter\linkResolver.cpp, line 766]
Event: 15.293 Thread 0x0000000c29ab87b0 Implicit null exception at 0x0000000c1bb412ec to 0x0000000c1bb41390
Event: 16.151 Thread 0x0000000c29ab87b0 Exception <a 'java/lang/NoSuchMethodError'{0x00000000eb79b8e8}: 'void java.lang.invoke.DirectMethodHandle$Holder.invokeStatic(java.lang.Object, int)'> (0x00000000eb79b8e8) 
thrown [e:\jenkins\tmp\workspace\build\src\src\hotspot\share\interpreter\linkResolver.cpp, line 766]
Event: 16.171 Thread 0x0000000c29ab87b0 Exception <a 'java/lang/NoSuchMethodError'{0x00000000eb8f89f8}: 'int java.lang.invoke.DirectMethodHandle$Holder.invokeSpecial(java.lang.Object, java.lang.Object, java.lang.Object, java.lang.Object)'> (0x00000000eb8f89f8) 
thrown [e:\jenkins\tmp\workspace\build\src\src\hotspot\share\interpreter\linkResolver.cpp, line 766]
Event: 16.174 Thread 0x0000000c29ab87b0 Exception <a 'java/lang/NoSuchMethodError'{0x00000000eb914490}: 'java.lang.Object java.lang.invoke.DirectMethodHandle$Holder.invokeStatic(java.lang.Object, int, java.lang.Object, java.lang.Object)'> (0x00000000eb914490) 
thrown [e:\jenkins\tmp\workspace\build\src\src\hotspot\share\interpreter\linkResolver.cpp, line 766]
Event: 16.175 Thread 0x0000000c29ab87b0 Exception <a 'java/lang/NoSuchMethodError'{0x00000000eb9184d0}: 'java.lang.Object java.lang.invoke.DirectMethodHandle$Holder.invokeSpecial(java.lang.Object, java.lang.Object, int, java.lang.Object, java.lang.Object)'> (0x00000000eb9184d0) 
thrown [e:\jenkins\tmp\workspace\build\src\src\hotspot\share\interpreter\linkResolver.cpp, line 766]
Event: 16.176 Thread 0x0000000c29ab87b0 Exception <a 'java/lang/NoSuchMethodError'{0x00000000eb91bed0}: 'java.lang.Object java.lang.invoke.DelegatingMethodHandle$Holder.delegate(java.lang.Object, int, java.lang.Object, java.lang.Object)'> (0x00000000eb91bed0) 
thrown [e:\jenkins\tmp\workspace\build\src\src\hotspot\share\interpreter\linkResolver.cpp, line 766]
Event: 16.180 Thread 0x0000000c29ab87b0 Exception <a 'java/lang/NoSuchMethodError'{0x00000000eb9325c8}: 'int java.lang.invoke.Invokers$Holder.linkToTargetMethod(java.lang.Object, java.lang.Object, java.lang.Object)'> (0x00000000eb9325c8) 
thrown [e:\jenkins\tmp\workspace\build\src\src\hotspot\share\interpreter\linkResolver.cpp, line 766]
Event: 16.231 Thread 0x0000000c29ab87b0 Exception <a 'java/io/FileNotFoundException'{0x00000000eabbfe30}> (0x00000000eabbfe30) 
thrown [e:\jenkins\tmp\workspace\build\src\src\hotspot\share\prims\jni.cpp, line 516]
Event: 16.231 Thread 0x0000000c29ab87b0 Exception <a 'java/io/FileNotFoundException'{0x00000000eabc1468}> (0x00000000eabc1468) 
thrown [e:\jenkins\tmp\workspace\build\src\src\hotspot\share\prims\jni.cpp, line 516]
Event: 17.119 Thread 0x0000000c29ab6130 Exception <a 'java/io/FileNotFoundException'{0x00000000eb9be6d0}> (0x00000000eb9be6d0) 
thrown [e:\jenkins\tmp\workspace\build\src\src\hotspot\share\prims\jni.cpp, line 516]
Event: 17.162 Thread 0x0000000c29ab6130 Exception <a 'java/lang/NoSuchMethodError'{0x00000000ebad5c28}: 'void java.lang.invoke.DirectMethodHandle$Holder.invokeSpecial(java.lang.Object, java.lang.Object, java.lang.Object, java.lang.Object, java.lang.Object)'> (0x00000000ebad5c28) 
thrown [e:\jenkins\tmp\workspace\build\src\src\hotspot\share\interpreter\linkResolver.cpp, line 766]
Event: 17.179 Thread 0x0000000c2cc4d490 Exception <a 'sun/nio/fs/WindowsException'{0x00000000ebb6c1b0}> (0x00000000ebb6c1b0) 
thrown [e:\jenkins\tmp\workspace\build\src\src\hotspot\share\prims\jni.cpp, line 516]

VM Operations (20 events):
Event: 16.121 Executing VM operation: ICBufferFull done
Event: 16.218 Executing VM operation: ParallelGCFailedAllocation
Event: 16.221 Executing VM operation: ParallelGCFailedAllocation done
Event: 16.451 Executing VM operation: ParallelGCFailedAllocation
Event: 16.456 Executing VM operation: ParallelGCFailedAllocation done
Event: 16.698 Executing VM operation: ParallelGCFailedAllocation
Event: 16.702 Executing VM operation: ParallelGCFailedAllocation done
Event: 17.027 Executing VM operation: HandshakeAllThreads
Event: 17.076 Executing VM operation: HandshakeAllThreads done
Event: 17.166 Executing VM operation: HandshakeAllThreads
Event: 17.167 Executing VM operation: HandshakeAllThreads done
Event: 17.180 Executing VM operation: HandshakeAllThreads
Event: 17.181 Executing VM operation: HandshakeAllThreads done
Event: 17.191 Executing VM operation: ParallelGCFailedAllocation
Event: 17.194 Executing VM operation: ParallelGCFailedAllocation done
Event: 17.538 Executing VM operation: ParallelGCFailedAllocation
Event: 17.649 Executing VM operation: ParallelGCFailedAllocation done
Event: 17.862 Executing VM operation: ParallelGCFailedAllocation
Event: 17.975 Executing VM operation: ParallelGCFailedAllocation done
Event: 18.163 Executing VM operation: ParallelGCFailedAllocation

Events (20 events):
Event: 17.189 loading class com/sun/crypto/provider/SymmetricCipher done
Event: 17.189 loading class com/sun/crypto/provider/AESCrypt done
Event: 17.214 loading class com/sun/crypto/provider/ElectronicCodeBook
Event: 17.215 loading class com/sun/crypto/provider/FeedbackCipher
Event: 17.215 loading class com/sun/crypto/provider/FeedbackCipher done
Event: 17.215 loading class com/sun/crypto/provider/ElectronicCodeBook done
Event: 17.215 loading class com/sun/crypto/provider/PKCS5Padding
Event: 17.216 loading class com/sun/crypto/provider/Padding
Event: 17.216 loading class com/sun/crypto/provider/Padding done
Event: 17.216 loading class com/sun/crypto/provider/PKCS5Padding done
Event: 17.216 loading class com/sun/crypto/provider/CipherBlockChaining
Event: 17.217 loading class com/sun/crypto/provider/CipherBlockChaining done
Event: 17.225 loading class sun/security/jca/JCAUtil
Event: 17.225 loading class sun/security/jca/JCAUtil done
Event: 17.225 loading class javax/crypto/NullCipher
Event: 17.225 loading class javax/crypto/NullCipher done
Event: 17.226 loading class sun/security/util/ArrayUtil
Event: 17.227 loading class sun/security/util/ArrayUtil done
Event: 17.703 loading class java/util/zip/GZIPInputStream$1
Event: 17.703 loading class java/util/zip/GZIPInputStream$1 done


Dynamic libraries:
0x00007ff70bc00000 - 0x00007ff70bc0e000 	c:\Users\alan.lopes\.vscode\extensions\redhat.java-1.9.0-win32-x64\jre\17.0.3-win32-x86_64\bin\java.exe
0x00007ffdb2460000 - 0x00007ffdb260d000 	C:\Windows\SYSTEM32\ntdll.dll
0x00007ffdafb60000 - 0x00007ffdafc9f000 	C:\Windows\system32\KERNEL32.DLL
0x00007ffdaf890000 - 0x00007ffdaf9a5000 	C:\Windows\system32\KERNELBASE.dll
0x00007ffda5e10000 - 0x00007ffda5e28000 	c:\Users\alan.lopes\.vscode\extensions\redhat.java-1.9.0-win32-x64\jre\17.0.3-win32-x86_64\bin\jli.dll
0x00007ffda5df0000 - 0x00007ffda5e09000 	c:\Users\alan.lopes\.vscode\extensions\redhat.java-1.9.0-win32-x64\jre\17.0.3-win32-x86_64\bin\VCRUNTIME140.dll
0x00007ffda6600000 - 0x00007ffda6604000 	c:\Users\alan.lopes\.vscode\extensions\redhat.java-1.9.0-win32-x64\jre\17.0.3-win32-x86_64\bin\api-ms-win-crt-stdio-l1-1-0.dll
0x00007ffda5f40000 - 0x00007ffda5f44000 	c:\Users\alan.lopes\.vscode\extensions\redhat.java-1.9.0-win32-x64\jre\17.0.3-win32-x86_64\bin\api-ms-win-crt-runtime-l1-1-0.dll
0x00007ffda5b90000 - 0x00007ffda5b93000 	c:\Users\alan.lopes\.vscode\extensions\redhat.java-1.9.0-win32-x64\jre\17.0.3-win32-x86_64\bin\api-ms-win-crt-environment-l1-1-0.dll
0x00007ffda5b80000 - 0x00007ffda5b85000 	c:\Users\alan.lopes\.vscode\extensions\redhat.java-1.9.0-win32-x64\jre\17.0.3-win32-x86_64\bin\api-ms-win-crt-math-l1-1-0.dll
0x00007ffda58e0000 - 0x00007ffda58e3000 	c:\Users\alan.lopes\.vscode\extensions\redhat.java-1.9.0-win32-x64\jre\17.0.3-win32-x86_64\bin\api-ms-win-crt-locale-l1-1-0.dll
0x00007ffda5740000 - 0x00007ffda5743000 	c:\Users\alan.lopes\.vscode\extensions\redhat.java-1.9.0-win32-x64\jre\17.0.3-win32-x86_64\bin\api-ms-win-crt-heap-l1-1-0.dll
0x00007ffdabfd0000 - 0x00007ffdac24b000 	C:\Windows\WinSxS\amd64_microsoft.windows.common-controls_6595b64144ccf1df_6.0.9600.19394_none_62486577ecb635cf\COMCTL32.dll
0x00007ffdaffa0000 - 0x00007ffdb0117000 	C:\Windows\system32\USER32.dll
0x00007ffda56f0000 - 0x00007ffda56f3000 	c:\Users\alan.lopes\.vscode\extensions\redhat.java-1.9.0-win32-x64\jre\17.0.3-win32-x86_64\bin\api-ms-win-crt-filesystem-l1-1-0.dll
0x00007ffda56e0000 - 0x00007ffda56e4000 	c:\Users\alan.lopes\.vscode\extensions\redhat.java-1.9.0-win32-x64\jre\17.0.3-win32-x86_64\bin\api-ms-win-crt-string-l1-1-0.dll
0x00007ffda4e70000 - 0x00007ffda4e74000 	c:\Users\alan.lopes\.vscode\extensions\redhat.java-1.9.0-win32-x64\jre\17.0.3-win32-x86_64\bin\api-ms-win-crt-convert-l1-1-0.dll
0x00007ffdb0510000 - 0x00007ffdb05ba000 	C:\Windows\system32\msvcrt.dll
0x00007ffdb01d0000 - 0x00007ffdb031e000 	C:\Windows\system32\GDI32.dll
0x00007ffd8d150000 - 0x00007ffd8d24a000 	c:\Users\alan.lopes\.vscode\extensions\redhat.java-1.9.0-win32-x64\jre\17.0.3-win32-x86_64\bin\ucrtbase.DLL
0x00007ffdb1f00000 - 0x00007ffdb1f36000 	C:\Windows\system32\IMM32.DLL
0x00007ffdafe40000 - 0x00007ffdaff91000 	C:\Windows\system32\MSCTF.dll
0x00007ffda4d30000 - 0x00007ffda4d3c000 	c:\Users\alan.lopes\.vscode\extensions\redhat.java-1.9.0-win32-x64\jre\17.0.3-win32-x86_64\bin\vcruntime140_1.dll
0x00007ffd8cfd0000 - 0x00007ffd8d061000 	c:\Users\alan.lopes\.vscode\extensions\redhat.java-1.9.0-win32-x64\jre\17.0.3-win32-x86_64\bin\msvcp140.dll
0x00007ffda4bf0000 - 0x00007ffda4bf3000 	c:\Users\alan.lopes\.vscode\extensions\redhat.java-1.9.0-win32-x64\jre\17.0.3-win32-x86_64\bin\api-ms-win-crt-time-l1-1-0.dll
0x00007ffda4290000 - 0x00007ffda4293000 	c:\Users\alan.lopes\.vscode\extensions\redhat.java-1.9.0-win32-x64\jre\17.0.3-win32-x86_64\bin\api-ms-win-crt-utility-l1-1-0.dll
0x00007ffd8be00000 - 0x00007ffd8ca48000 	c:\Users\alan.lopes\.vscode\extensions\redhat.java-1.9.0-win32-x64\jre\17.0.3-win32-x86_64\bin\server\jvm.dll
0x00007ffdb0120000 - 0x00007ffdb01cd000 	C:\Windows\system32\ADVAPI32.dll
0x00007ffd96d00000 - 0x00007ffd96d09000 	C:\Windows\SYSTEM32\WSOCK32.dll
0x00007ffda85f0000 - 0x00007ffda8612000 	C:\Windows\SYSTEM32\WINMM.dll
0x00007ffda8b60000 - 0x00007ffda8b6a000 	C:\Windows\SYSTEM32\VERSION.dll
0x00007ffdb0770000 - 0x00007ffdb0777000 	C:\Windows\system32\PSAPI.DLL
0x00007ffdb05c0000 - 0x00007ffdb061b000 	C:\Windows\SYSTEM32\sechost.dll
0x00007ffdb1f40000 - 0x00007ffdb2075000 	C:\Windows\system32\RPCRT4.dll
0x00007ffdb04b0000 - 0x00007ffdb050a000 	C:\Windows\system32\WS2_32.dll
0x00007ffda85c0000 - 0x00007ffda85ea000 	C:\Windows\SYSTEM32\WINMMBASE.dll
0x00007ffdafab0000 - 0x00007ffdafade000 	C:\Windows\system32\SspiCli.dll
0x00007ffdb0320000 - 0x00007ffdb0329000 	C:\Windows\system32\NSI.dll
0x00007ffdaf9b0000 - 0x00007ffdaf9ff000 	C:\Windows\SYSTEM32\cfgmgr32.dll
0x00007ffdae320000 - 0x00007ffdae348000 	C:\Windows\SYSTEM32\DEVOBJ.dll
0x00007ffda4280000 - 0x00007ffda428a000 	c:\Users\alan.lopes\.vscode\extensions\redhat.java-1.9.0-win32-x64\jre\17.0.3-win32-x86_64\bin\jimage.dll
0x00007ffda2dc0000 - 0x00007ffda2f4a000 	C:\Windows\SYSTEM32\DBGHELP.DLL
0x00007ffda4270000 - 0x00007ffda427e000 	c:\Users\alan.lopes\.vscode\extensions\redhat.java-1.9.0-win32-x64\jre\17.0.3-win32-x86_64\bin\instrument.dll
0x00007ffda4240000 - 0x00007ffda4265000 	c:\Users\alan.lopes\.vscode\extensions\redhat.java-1.9.0-win32-x64\jre\17.0.3-win32-x86_64\bin\java.dll
0x00007ffd91140000 - 0x00007ffd91158000 	c:\Users\alan.lopes\.vscode\extensions\redhat.java-1.9.0-win32-x64\jre\17.0.3-win32-x86_64\bin\zip.dll
0x00007ffdb0780000 - 0x00007ffdb1cac000 	C:\Windows\system32\SHELL32.dll
0x00007ffdb2080000 - 0x00007ffdb2292000 	C:\Windows\SYSTEM32\combase.dll
0x00007ffdafb00000 - 0x00007ffdafb54000 	C:\Windows\system32\SHLWAPI.dll
0x00007ffdadc20000 - 0x00007ffdadcd2000 	C:\Windows\SYSTEM32\SHCORE.dll
0x00007ffdaf500000 - 0x00007ffdaf515000 	C:\Windows\SYSTEM32\profapi.dll
0x00007ffd90d70000 - 0x00007ffd90d89000 	C:\Users\alan.lopes\.vscode\extensions\redhat.java-1.9.0-win32-x64\jre\17.0.3-win32-x86_64\bin\net.dll
0x00007ffda8670000 - 0x00007ffda8739000 	C:\Windows\SYSTEM32\WINHTTP.dll
0x00007ffdaed40000 - 0x00007ffdaed99000 	C:\Windows\system32\mswsock.dll
0x00007ffd90d50000 - 0x00007ffd90d65000 	C:\Users\alan.lopes\.vscode\extensions\redhat.java-1.9.0-win32-x64\jre\17.0.3-win32-x86_64\bin\nio.dll
0x00007ffd9c610000 - 0x00007ffd9c620000 	c:\Users\alan.lopes\.vscode\extensions\redhat.java-1.9.0-win32-x64\jre\17.0.3-win32-x86_64\bin\verify.dll
0x00007ffd90bd0000 - 0x00007ffd90c0e000 	C:\Users\alan.lopes\AppData\Roaming\Code\User\globalStorage\redhat.java\1.9.0\config_win\org.eclipse.equinox.launcher\org.eclipse.equinox.launcher.win32.win32.x86_64_1.2.500.v20220509-0833\eclipse_11700.dll
0x00007ffdafca0000 - 0x00007ffdafe35000 	C:\Windows\system32\ole32.dll
0x00007ffdaeda0000 - 0x00007ffdaedc0000 	C:\Windows\SYSTEM32\CRYPTSP.dll
0x00007ffdae9c0000 - 0x00007ffdae9f6000 	C:\Windows\system32\rsaenh.dll
0x00007ffdaf030000 - 0x00007ffdaf056000 	C:\Windows\SYSTEM32\bcrypt.dll
0x00007ffdaead0000 - 0x00007ffdaeaf1000 	C:\Windows\SYSTEM32\USERENV.dll
0x00007ffdaf300000 - 0x00007ffdaf363000 	C:\Windows\system32\bcryptprimitives.dll
0x00007ffdaf370000 - 0x00007ffdaf37b000 	C:\Windows\SYSTEM32\CRYPTBASE.dll
0x00007ffdab0b0000 - 0x00007ffdab0da000 	C:\Windows\SYSTEM32\IPHLPAPI.DLL
0x00007ffdab090000 - 0x00007ffdab09a000 	C:\Windows\SYSTEM32\WINNSI.DLL
0x00007ffdabbd0000 - 0x00007ffdabbe6000 	C:\Windows\SYSTEM32\dhcpcsvc6.DLL
0x00007ffdabbb0000 - 0x00007ffdabbca000 	C:\Windows\SYSTEM32\dhcpcsvc.DLL
0x00007ffd90920000 - 0x00007ffd90964000 	C:\Users\alan.lopes\AppData\Local\Temp\jna--2003360539\jna9427880000488420563.dll

dbghelp: loaded successfully - version: 4.0.5 - missing functions: none
symbol engine: initialized successfully - sym options: 0x614 - pdb path: .;c:\Users\alan.lopes\.vscode\extensions\redhat.java-1.9.0-win32-x64\jre\17.0.3-win32-x86_64\bin;C:\Windows\SYSTEM32;C:\Windows\WinSxS\amd64_microsoft.windows.common-controls_6595b64144ccf1df_6.0.9600.19394_none_62486577ecb635cf;c:\Users\alan.lopes\.vscode\extensions\redhat.java-1.9.0-win32-x64\jre\17.0.3-win32-x86_64\bin\server;C:\Users\alan.lopes\AppData\Roaming\Code\User\globalStorage\redhat.java\1.9.0\config_win\org.eclipse.equinox.launcher\org.eclipse.equinox.launcher.win32.win32.x86_64_1.2.500.v20220509-0833;C:\Users\alan.lopes\AppData\Local\Temp\jna--2003360539

VM Arguments:
jvm_args: --add-modules=ALL-SYSTEM --add-opens=java.base/java.util=ALL-UNNAMED --add-opens=java.base/java.lang=ALL-UNNAMED --add-opens=java.base/sun.nio.fs=ALL-UNNAMED -Declipse.application=org.eclipse.jdt.ls.core.id1 -Dosgi.bundles.defaultStartLevel=4 -Declipse.product=org.eclipse.jdt.ls.core.product -Djava.import.generatesMetadataFilesAtProjectRoot=false -Dfile.encoding=utf8 -DwatchParentProcess=false -XX:+UseParallelGC -XX:GCTimeRatio=4 -XX:AdaptiveSizePolicyWeight=90 -Dsun.zip.disableMemoryMapping=true -Xmx1G -Xms100m -javaagent:c:\Users\alan.lopes\.vscode\extensions\redhat.java-1.9.0-win32-x64\lombok\lombok-1.18.24.jar -XX:+HeapDumpOnOutOfMemoryError -XX:HeapDumpPath=c:\Users\alan.lopes\AppData\Roaming\Code\User\workspaceStorage\a49775f5d73be21d807cb85d83a6a833\redhat.java 
java_command: c:\Users\alan.lopes\.vscode\extensions\redhat.java-1.9.0-win32-x64\server\plugins\org.eclipse.equinox.launcher_1.6.400.v20210924-0641.jar -configuration c:\Users\alan.lopes\AppData\Roaming\Code\User\globalStorage\redhat.java\1.9.0\config_win -data c:\Users\alan.lopes\AppData\Roaming\Code\User\workspaceStorage\a49775f5d73be21d807cb85d83a6a833\redhat.java\jdt_ws
java_class_path (initial): c:\Users\alan.lopes\.vscode\extensions\redhat.java-1.9.0-win32-x64\server\plugins\org.eclipse.equinox.launcher_1.6.400.v20210924-0641.jar
Launcher Type: SUN_STANDARD

[Global flags]
    uintx AdaptiveSizePolicyWeight                 = 90                                        {product} {command line}
     intx CICompilerCount                          = 3                                         {product} {ergonomic}
    uintx GCTimeRatio                              = 4                                         {product} {command line}
     bool HeapDumpOnOutOfMemoryError               = true                                   {manageable} {command line}
    ccstr HeapDumpPath                             = c:\Users\alan.lopes\AppData\Roaming\Code\User\workspaceStorage\a49775f5d73be21d807cb85d83a6a833\redhat.java         {manageable} {command line}
   size_t InitialHeapSize                          = 104857600                                 {product} {command line}
   size_t MaxHeapSize                              = 1073741824                                {product} {command line}
   size_t MaxNewSize                               = 357564416                                 {product} {ergonomic}
   size_t MinHeapDeltaBytes                        = 524288                                    {product} {ergonomic}
   size_t MinHeapSize                              = 104857600                                 {product} {command line}
   size_t NewSize                                  = 34603008                                  {product} {ergonomic}
    uintx NonNMethodCodeHeapSize                   = 5832780                                {pd product} {ergonomic}
    uintx NonProfiledCodeHeapSize                  = 122912730                              {pd product} {ergonomic}
   size_t OldSize                                  = 70254592                                  {product} {ergonomic}
    uintx ProfiledCodeHeapSize                     = 122912730                              {pd product} {ergonomic}
    uintx ReservedCodeCacheSize                    = 251658240                              {pd product} {ergonomic}
     bool SegmentedCodeCache                       = true                                      {product} {ergonomic}
   size_t SoftMaxHeapSize                          = 1073741824                             {manageable} {ergonomic}
     bool UseCompressedClassPointers               = true                           {product lp64_product} {ergonomic}
     bool UseCompressedOops                        = true                           {product lp64_product} {ergonomic}
     bool UseLargePagesIndividualAllocation        = false                                  {pd product} {ergonomic}
     bool UseParallelGC                            = true                                      {product} {command line}

Logging:
Log output configuration:
 #0: stdout all=warning uptime,level,tags
 #1: stderr all=off uptime,level,tags

Environment Variables:
PATH=C:\Program Files\Common Files\Oracle\Java\javapath;C:\Program Files (x86)\Common Files\Oracle\Java\javapath;C:\Windows\system32;C:\Windows;C:\Windows\System32\Wbem;C:\Windows\System32\WindowsPowerShell\v1.0\;C:\Program Files\Git\cmd;C:\Program Files\nodejs\;;C:\Users\alan.lopes\AppData\Local\Programs\Microsoft VS Code\bin;C:\Users\alan.lopes\AppData\Roaming\npm
USERNAME=alan.lopes
OS=Windows_NT
PROCESSOR_IDENTIFIER=Intel64 Family 6 Model 42 Stepping 7, GenuineIntel



---------------  S Y S T E M  ---------------

OS:
 Windows 8.1 , 64 bit Build 9600 (6.3.9600.20389)
OS uptime: 0 days 3:12 hours

CPU: total 4 (initial active 4) (2 cores per cpu, 2 threads per core) family 6 model 42 stepping 7 microcode 0x28, cx8, cmov, fxsr, ht, mmx, sse, sse2, sse3, ssse3, sse4.1, sse4.2, popcnt, tsc, tscinvbit, avx, clmul, vzeroupper, clflush

Memory: 4k page, system-wide physical 7887M (2482M free)
TotalPageFile size 15824M (AvailPageFile size 8977M)
current process WorkingSet (physical memory assigned to process): 312M, peak: 312M
current process commit charge ("private bytes"): 365M, peak: 365M

vm_info: OpenJDK 64-Bit Server VM (17.0.3+7) for windows-amd64 JRE (17.0.3+7), built on Apr 19 2022 16:55:35 by "" with MS VC++ 16.7 (VS2019)

END.
